Info: Starting: Create block symbol file (.bsf)
Info: ip-generate --project-directory=C:/Users/qsjiang/Desktop/SynthesizerV0.1/ --output-directory=C:/Users/qsjiang/Desktop/SynthesizerV0.1/niosII_system/ --report-file=bsf:C:/Users/qsjiang/Desktop/SynthesizerV0.1/niosII_system.bsf --system-info=DEVICE_FAMILY="Cyclone II" --system-info=DEVICE=EP2C35F672C6 --system-info=DEVICE_SPEEDGRADE=6 --component-file=C:/Users/qsjiang/Desktop/SynthesizerV0.1/niosII_system.qsys
Progress: Loading SynthesizerV0.1/niosII_system.qsys
Progress: Reading input file
Progress: Adding clk_0 [clock_source 12.1]
Progress: Parameterizing module clk_0
Progress: Adding nios2_qsys_0 [altera_nios2_qsys 12.1]
Progress: Parameterizing module nios2_qsys_0
Progress: Adding onchip_memory2_0 [altera_avalon_onchip_memory2 12.1]
Progress: Parameterizing module onchip_memory2_0
Progress: Adding sysid_qsys_0 [altera_avalon_sysid_qsys 12.1]
Progress: Parameterizing module sysid_qsys_0
Progress: Adding jtag_uart_0 [altera_avalon_jtag_uart 12.1]
Progress: Parameterizing module jtag_uart_0
Progress: Adding character_lcd_0 [altera_up_avalon_character_lcd 12.0]
Progress: Parameterizing module character_lcd_0
Progress: Adding altpll_0 [altpll 12.1]
Progress: Parameterizing module altpll_0
Progress: Adding sdram_0 [altera_avalon_new_sdram_controller 12.1]
Progress: Parameterizing module sdram_0
Progress: Adding sram_0 [altera_up_avalon_sram 12.0]
Progress: Parameterizing module sram_0
Progress: Adding timer_0 [altera_avalon_timer 12.1]
Progress: Parameterizing module timer_0
Progress: Adding fifo_0 [altera_avalon_fifo 12.1]
Progress: Parameterizing module fifo_0
Progress: Adding frequencyDivider_1 [frequencyDivider 1.0]
Progress: Parameterizing module frequencyDivider_1
Progress: Adding StreamingTest_0 [StreamingTest 1.0]
Progress: Parameterizing module StreamingTest_0
Progress: Building connections
Progress: Parameterizing connections
Progress: Validating
Progress: Done reading input file
Info: niosII_system.onchip_memory2_0: Memory will be initialized from onchip_memory2_0.hex
Info: niosII_system.sysid_qsys_0: System ID is not assigned automatically. Edit the System ID parameter to provide a unique ID
Info: niosII_system.sysid_qsys_0: Time stamp will be automatically updated when this component is generated.
Info: niosII_system.fifo_0: For Avalon-ST and Avalon-MM combinations, data width is 32 bits.
Warning: niosII_system.altpll_0: altpll_0.areset_conduit must be exported, or connected to a matching conduit.
Warning: niosII_system.altpll_0: altpll_0.locked_conduit must be exported, or connected to a matching conduit.
Warning: niosII_system.altpll_0: altpll_0.phasedone_conduit must be exported, or connected to a matching conduit.
Info: ip-generate succeeded.
Info: Finished: Create block symbol file (.bsf)
Info: 
Info: Starting: Create HDL design files for synthesis
Info: ip-generate --project-directory=C:/Users/qsjiang/Desktop/SynthesizerV0.1/ --output-directory=C:/Users/qsjiang/Desktop/SynthesizerV0.1/niosII_system/synthesis/ --file-set=QUARTUS_SYNTH --report-file=sopcinfo:C:/Users/qsjiang/Desktop/SynthesizerV0.1/niosII_system.sopcinfo --report-file=html:C:/Users/qsjiang/Desktop/SynthesizerV0.1/niosII_system.html --report-file=qip:C:/Users/qsjiang/Desktop/SynthesizerV0.1/niosII_system/synthesis/niosII_system.qip --report-file=cmp:C:/Users/qsjiang/Desktop/SynthesizerV0.1/niosII_system.cmp --system-info=DEVICE_FAMILY="Cyclone II" --system-info=DEVICE=EP2C35F672C6 --system-info=DEVICE_SPEEDGRADE=6 --component-file=C:/Users/qsjiang/Desktop/SynthesizerV0.1/niosII_system.qsys
Progress: Loading SynthesizerV0.1/niosII_system.qsys
Progress: Reading input file
Progress: Adding clk_0 [clock_source 12.1]
Progress: Parameterizing module clk_0
Progress: Adding nios2_qsys_0 [altera_nios2_qsys 12.1]
Progress: Parameterizing module nios2_qsys_0
Progress: Adding onchip_memory2_0 [altera_avalon_onchip_memory2 12.1]
Progress: Parameterizing module onchip_memory2_0
Progress: Adding sysid_qsys_0 [altera_avalon_sysid_qsys 12.1]
Progress: Parameterizing module sysid_qsys_0
Progress: Adding jtag_uart_0 [altera_avalon_jtag_uart 12.1]
Progress: Parameterizing module jtag_uart_0
Progress: Adding character_lcd_0 [altera_up_avalon_character_lcd 12.0]
Progress: Parameterizing module character_lcd_0
Progress: Adding altpll_0 [altpll 12.1]
Progress: Parameterizing module altpll_0
Progress: Adding sdram_0 [altera_avalon_new_sdram_controller 12.1]
Progress: Parameterizing module sdram_0
Progress: Adding sram_0 [altera_up_avalon_sram 12.0]
Progress: Parameterizing module sram_0
Progress: Adding timer_0 [altera_avalon_timer 12.1]
Progress: Parameterizing module timer_0
Progress: Adding fifo_0 [altera_avalon_fifo 12.1]
Progress: Parameterizing module fifo_0
Progress: Adding frequencyDivider_1 [frequencyDivider 1.0]
Progress: Parameterizing module frequencyDivider_1
Progress: Adding StreamingTest_0 [StreamingTest 1.0]
Progress: Parameterizing module StreamingTest_0
Progress: Building connections
Progress: Parameterizing connections
Progress: Validating
Progress: Done reading input file
Info: niosII_system.onchip_memory2_0: Memory will be initialized from onchip_memory2_0.hex
Info: niosII_system.sysid_qsys_0: System ID is not assigned automatically. Edit the System ID parameter to provide a unique ID
Info: niosII_system.sysid_qsys_0: Time stamp will be automatically updated when this component is generated.
Info: niosII_system.fifo_0: For Avalon-ST and Avalon-MM combinations, data width is 32 bits.
Warning: niosII_system.altpll_0: altpll_0.areset_conduit must be exported, or connected to a matching conduit.
Warning: niosII_system.altpll_0: altpll_0.locked_conduit must be exported, or connected to a matching conduit.
Warning: niosII_system.altpll_0: altpll_0.phasedone_conduit must be exported, or connected to a matching conduit.
Info: niosII_system: Generating niosII_system "niosII_system" for QUARTUS_SYNTH
Info: pipeline_bridge_swap_transform: After transform: 13 modules, 56 connections
Info: No custom instruction connections, skipping transform 
Info: merlin_translator_transform: After transform: 27 modules, 112 connections
Info: merlin_domain_transform: After transform: 56 modules, 302 connections
Info: merlin_router_transform: After transform: 70 modules, 358 connections
Info: merlin_traffic_limiter_transform: After transform: 72 modules, 368 connections
Info: merlin_burst_transform: After transform: 75 modules, 380 connections
Info: reset_adaptation_transform: After transform: 78 modules, 302 connections
Info: merlin_network_to_switch_transform: After transform: 105 modules, 362 connections
Info: merlin_width_transform: After transform: 111 modules, 380 connections
Info: Inserting clock-crossing logic between cmd_xbar_demux.src1 and cmd_xbar_mux_001.sink0
Info: Inserting clock-crossing logic between cmd_xbar_demux.src11 and cmd_xbar_mux_011.sink0
Info: Inserting clock-crossing logic between rsp_xbar_demux_001.src0 and rsp_xbar_mux.sink1
Info: Inserting clock-crossing logic between rsp_xbar_demux_011.src0 and rsp_xbar_mux.sink11
Info: com_altera_sopcmodel_transforms_avalon_ClockCrossingTransform: After transform: 115 modules, 400 connections
Info: limiter_update_transform: After transform: 115 modules, 402 connections
Info: merlin_interrupt_mapper_transform: After transform: 116 modules, 405 connections
Info: nios2_qsys_0: Starting RTL generation for module 'niosII_system_nios2_qsys_0'
Info: nios2_qsys_0:   Generation command is [exec C:/altera/12.1sp1/quartus/../ip/altera/nios2_ip/altera_nios2/eperl.exe -I C:/altera/12.1sp1/quartus/common/ip/altera/common/perl/5.8.3 -I C:/altera/12.1sp1/quartus/sopc_builder/bin/europa -I C:/altera/12.1sp1/quartus/sopc_builder/bin/perl_lib -I C:/altera/12.1sp1/quartus/sopc_builder/bin -I C:/altera/12.1sp1/quartus/../ip/altera/nios2_ip/altera_nios2/cpu_lib -I C:/altera/12.1sp1/quartus/../ip/altera/nios2_ip/altera_nios2/nios_lib -I C:/altera/12.1sp1/quartus/../ip/altera/nios2_ip/altera_nios2 -I C:/altera/12.1sp1/quartus/../ip/altera/nios2_ip/altera_nios2 -- C:/altera/12.1sp1/quartus/../ip/altera/nios2_ip/altera_nios2/generate_rtl.epl --name=niosII_system_nios2_qsys_0 --dir=C:/Users/qsjiang/AppData/Local/Temp/alt6517_4491286296504020333.dir/0002_nios2_qsys_0_gen/ --quartus_dir=C:/altera/12.1sp1/quartus --verilog --config=C:/Users/qsjiang/AppData/Local/Temp/alt6517_4491286296504020333.dir/0002_nios2_qsys_0_gen//niosII_system_nios2_qsys_0_processor_configuration.pl  --do_build_sim=0    --bogus  ]
Info: nios2_qsys_0: # 2015.03.23 16:59:03 (*) Starting Nios II generation
Info: nios2_qsys_0: # 2015.03.23 16:59:03 (*)   Checking for plaintext license.
Info: nios2_qsys_0: # 2015.03.23 16:59:03 (*)   Couldn't query license setup in Quartus directory C:/altera/12.1sp1/quartus
Info: nios2_qsys_0: # 2015.03.23 16:59:03 (*)   Defaulting to contents of LM_LICENSE_FILE environment variable
Info: nios2_qsys_0: # 2015.03.23 16:59:03 (*)   Plaintext license not found.
Info: nios2_qsys_0: # 2015.03.23 16:59:03 (*)   Checking for encrypted license (non-evaluation).
Info: nios2_qsys_0: # 2015.03.23 16:59:03 (*)   Couldn't query license setup in Quartus directory C:/altera/12.1sp1/quartus
Info: nios2_qsys_0: # 2015.03.23 16:59:03 (*)   Defaulting to contents of LM_LICENSE_FILE environment variable
Info: nios2_qsys_0: # 2015.03.23 16:59:04 (*)   Encrypted license found.  SOF will not be time-limited.
Info: nios2_qsys_0: # 2015.03.23 16:59:04 (*)   Elaborating CPU configuration settings
Info: nios2_qsys_0: # 2015.03.23 16:59:04 (*)   Creating all objects for CPU
Info: nios2_qsys_0: # 2015.03.23 16:59:04 (*)     Testbench
Info: nios2_qsys_0: # 2015.03.23 16:59:04 (*)     Instruction decoding
Info: nios2_qsys_0: # 2015.03.23 16:59:04 (*)       Instruction fields
Info: nios2_qsys_0: # 2015.03.23 16:59:04 (*)       Instruction decodes
Info: nios2_qsys_0: # 2015.03.23 16:59:04 (*)       Signals for RTL simulation waveforms
Info: nios2_qsys_0: # 2015.03.23 16:59:04 (*)       Instruction controls
Info: nios2_qsys_0: # 2015.03.23 16:59:04 (*)     Pipeline frontend
Info: nios2_qsys_0: # 2015.03.23 16:59:05 (*)     Pipeline backend
Info: nios2_qsys_0: # 2015.03.23 16:59:07 (*)   Generating RTL from CPU objects
Info: nios2_qsys_0: # 2015.03.23 16:59:10 (*)   Creating encrypted RTL
Info: nios2_qsys_0: # 2015.03.23 16:59:11 (*) Done Nios II generation
Info: nios2_qsys_0: Done RTL generation for module 'niosII_system_nios2_qsys_0'
Info: nios2_qsys_0: "niosII_system" instantiated altera_nios2_qsys "nios2_qsys_0"
Info: Starting classic module elaboration.
"c:/altera/12.1sp1/quartus/bin/jre/bin/java.exe" -Xmx512M -classpath "c:/altera/12.1sp1/quartus/sopc_builder/bin/sopc_builder.jar;c:/altera/12.1sp1/quartus/sopc_builder/bin/PinAssigner.jar;c:/altera/12.1sp1/quartus/sopc_builder/bin/sopc_wizard.jar;c:/altera/12.1sp1/quartus/sopc_builder/bin/jptf.jar" sopc_builder.sopc_builder  -d"c:/altera/12.1sp1/quartus/sopc_builder" -notalkback=1 -projectnameyysystem.qpf -projectpathC:/Users/qsjiang/AppData/Local/Temp/alt6517_4491286296504020333.dir/0003_sopclgen  --no_splash --refresh C:/Users/qsjiang/AppData/Local/Temp/alt6517_4491286296504020333.dir/0003_sopclgen/yysystem.v --quartus_dir="c:/altera/12.1sp1/quartus" --sopc_perl="c:/altera/12.1sp1/quartus/bin/perl" --sopc_lib_path="++c:/altera/12.1sp1/quartus/../ip/altera/sopc_builder_ip+c:/altera/12.1sp1/quartus/../ip/altera/nios2_ip"
Info: Finished elaborating classic module.
Executing: C:/altera/12.1sp1/quartus//sopc_builder/bin/sopc_builder --classic --generate C:/Users/qsjiang/AppData/Local/Temp/alt6517_4491286296504020333.dir/0003_sopclgen/yysystem.ptf
Info: Running sopc_builder...
"c:/altera/12.1sp1/quartus/bin/jre/bin/java.exe" -Xmx512M -classpath "c:/altera/12.1sp1/quartus/sopc_builder/bin/sopc_builder.jar;c:/altera/12.1sp1/quartus/sopc_builder/bin/PinAssigner.jar;c:/altera/12.1sp1/quartus/sopc_builder/bin/sopc_wizard.jar;c:/altera/12.1sp1/quartus/sopc_builder/bin/jptf.jar" sopc_builder.sopc_builder  -d"c:/altera/12.1sp1/quartus/sopc_builder" -notalkback=1 -projectnameyysystem.qpf -projectpathC:/Users/qsjiang/AppData/Local/Temp/alt6517_4491286296504020333.dir/0003_sopclgen  --generate C:/Users/qsjiang/AppData/Local/Temp/alt6517_4491286296504020333.dir/0003_sopclgen/yysystem.v --quartus_dir="c:/altera/12.1sp1/quartus" --sopc_perl="c:/altera/12.1sp1/quartus/bin/perl" --sopc_lib_path="++c:/altera/12.1sp1/quartus/../ip/altera/sopc_builder_ip+c:/altera/12.1sp1/quartus/../ip/altera/nios2_ip"
No .sopc_builder configuration file(!)
.
# 2015.03.23 16:59:16 (*) Success: sopc_builder finished.
Info: onchip_memory2_0: "niosII_system" instantiated altera_avalon_onchip_memory2 "onchip_memory2_0"
Info: sysid_qsys_0: "niosII_system" instantiated altera_avalon_sysid_qsys "sysid_qsys_0"
Info: Starting classic module elaboration.
"c:/altera/12.1sp1/quartus/bin/jre/bin/java.exe" -Xmx512M -classpath "c:/altera/12.1sp1/quartus/sopc_builder/bin/sopc_builder.jar;c:/altera/12.1sp1/quartus/sopc_builder/bin/PinAssigner.jar;c:/altera/12.1sp1/quartus/sopc_builder/bin/sopc_wizard.jar;c:/altera/12.1sp1/quartus/sopc_builder/bin/jptf.jar" sopc_builder.sopc_builder  -d"c:/altera/12.1sp1/quartus/sopc_builder" -notalkback=1 -projectnameyysystem.qpf -projectpathC:/Users/qsjiang/AppData/Local/Temp/alt6517_4491286296504020333.dir/0005_sopclgen  --no_splash --refresh C:/Users/qsjiang/AppData/Local/Temp/alt6517_4491286296504020333.dir/0005_sopclgen/yysystem.v --quartus_dir="c:/altera/12.1sp1/quartus" --sopc_perl="c:/altera/12.1sp1/quartus/bin/perl" --sopc_lib_path="++c:/altera/12.1sp1/quartus/../ip/altera/sopc_builder_ip+c:/altera/12.1sp1/quartus/../ip/altera/nios2_ip"
      0 [main] perl 3580 child_info_fork::abort: C:\altera\12.1sp1\quartus\bin\cygwin\bin\cyggcc_s-1.dll: Loaded to different address: parent(0x2B0000) != child(0x320000)
      0 [main] perl 4044 child_info_fork::abort: C:\altera\12.1sp1\quartus\bin\cygwin\bin\cyggcc_s-1.dll: Loaded to different address: parent(0x2B0000) != child(0x3B0000)
      0 [main] perl 3396 child_info_fork::abort: C:\altera\12.1sp1\quartus\bin\cygwin\bin\cyggcc_s-1.dll: Loaded to different address: parent(0x2B0000) != child(0x320000)
      0 [main] perl 1168 child_info_fork::abort: C:\altera\12.1sp1\quartus\bin\cygwin\bin\cyggcc_s-1.dll: Loaded to different address: parent(0x2B0000) != child(0x3B0000)
      0 [main] perl 1588 child_info_fork::abort: C:\altera\12.1sp1\quartus\bin\cygwin\bin\cyggcc_s-1.dll: Loaded to different address: parent(0x2B0000) != child(0x320000)
      0 [main] perl 3912 child_info_fork::abort: C:\altera\12.1sp1\quartus\bin\cygwin\bin\cyggcc_s-1.dll: Loaded to different address: parent(0x2B0000) != child(0x3A0000)
      0 [main] perl 2668 child_info_fork::abort: C:\altera\12.1sp1\quartus\bin\cygwin\bin\cyggcc_s-1.dll: Loaded to different address: parent(0x2B0000) != child(0x320000)
Info: Finished elaborating classic module.
Executing: C:/altera/12.1sp1/quartus//sopc_builder/bin/sopc_builder --classic --generate C:/Users/qsjiang/AppData/Local/Temp/alt6517_4491286296504020333.dir/0005_sopclgen/yysystem.ptf
Info: Running sopc_builder...
"c:/altera/12.1sp1/quartus/bin/jre/bin/java.exe" -Xmx512M -classpath "c:/altera/12.1sp1/quartus/sopc_builder/bin/sopc_builder.jar;c:/altera/12.1sp1/quartus/sopc_builder/bin/PinAssigner.jar;c:/altera/12.1sp1/quartus/sopc_builder/bin/sopc_wizard.jar;c:/altera/12.1sp1/quartus/sopc_builder/bin/jptf.jar" sopc_builder.sopc_builder  -d"c:/altera/12.1sp1/quartus/sopc_builder" -notalkback=1 -projectnameyysystem.qpf -projectpathC:/Users/qsjiang/AppData/Local/Temp/alt6517_4491286296504020333.dir/0005_sopclgen  --generate C:/Users/qsjiang/AppData/Local/Temp/alt6517_4491286296504020333.dir/0005_sopclgen/yysystem.v --quartus_dir="c:/altera/12.1sp1/quartus" --sopc_perl="c:/altera/12.1sp1/quartus/bin/perl" --sopc_lib_path="++c:/altera/12.1sp1/quartus/../ip/altera/sopc_builder_ip+c:/altera/12.1sp1/quartus/../ip/altera/nios2_ip"
No .sopc_builder configuration file(!)
.
# 2015.03.23 16:59:56 (*) Success: sopc_builder finished.
Info: jtag_uart_0: "niosII_system" instantiated altera_avalon_jtag_uart "jtag_uart_0"
Info: character_lcd_0: Starting Generation of Character LCD
Info: character_lcd_0: "niosII_system" instantiated altera_up_avalon_character_lcd "character_lcd_0"
Info: altpll_0: "niosII_system" instantiated altpll "altpll_0"
Info: Starting classic module elaboration.
"c:/altera/12.1sp1/quartus/bin/jre/bin/java.exe" -Xmx512M -classpath "c:/altera/12.1sp1/quartus/sopc_builder/bin/sopc_builder.jar;c:/altera/12.1sp1/quartus/sopc_builder/bin/PinAssigner.jar;c:/altera/12.1sp1/quartus/sopc_builder/bin/sopc_wizard.jar;c:/altera/12.1sp1/quartus/sopc_builder/bin/jptf.jar" sopc_builder.sopc_builder  -d"c:/altera/12.1sp1/quartus/sopc_builder" -notalkback=1 -projectnameyysystem.qpf -projectpathC:/Users/qsjiang/AppData/Local/Temp/alt6517_4491286296504020333.dir/0009_sopclgen  --no_splash --refresh C:/Users/qsjiang/AppData/Local/Temp/alt6517_4491286296504020333.dir/0009_sopclgen/yysystem.v --quartus_dir="c:/altera/12.1sp1/quartus" --sopc_perl="c:/altera/12.1sp1/quartus/bin/perl" --sopc_lib_path="++c:/altera/12.1sp1/quartus/../ip/altera/sopc_builder_ip+c:/altera/12.1sp1/quartus/../ip/altera/nios2_ip"
      0 [main] perl 1800 child_info_fork::abort: C:\altera\12.1sp1\quartus\bin\cygwin\bin\cyggcc_s-1.dll: Loaded to different address: parent(0x320000) != child(0x2B0000)
      0 [main] perl 2784 child_info_fork::abort: C:\altera\12.1sp1\quartus\bin\cygwin\bin\cyggcc_s-1.dll: Loaded to different address: parent(0x320000) != child(0x3B0000)
Info: Finished elaborating classic module.
Executing: C:/altera/12.1sp1/quartus//sopc_builder/bin/sopc_builder --classic --generate C:/Users/qsjiang/AppData/Local/Temp/alt6517_4491286296504020333.dir/0009_sopclgen/yysystem.ptf
Info: Running sopc_builder...
"c:/altera/12.1sp1/quartus/bin/jre/bin/java.exe" -Xmx512M -classpath "c:/altera/12.1sp1/quartus/sopc_builder/bin/sopc_builder.jar;c:/altera/12.1sp1/quartus/sopc_builder/bin/PinAssigner.jar;c:/altera/12.1sp1/quartus/sopc_builder/bin/sopc_wizard.jar;c:/altera/12.1sp1/quartus/sopc_builder/bin/jptf.jar" sopc_builder.sopc_builder  -d"c:/altera/12.1sp1/quartus/sopc_builder" -notalkback=1 -projectnameyysystem.qpf -projectpathC:/Users/qsjiang/AppData/Local/Temp/alt6517_4491286296504020333.dir/0009_sopclgen  --generate C:/Users/qsjiang/AppData/Local/Temp/alt6517_4491286296504020333.dir/0009_sopclgen/yysystem.v --quartus_dir="c:/altera/12.1sp1/quartus" --sopc_perl="c:/altera/12.1sp1/quartus/bin/perl" --sopc_lib_path="++c:/altera/12.1sp1/quartus/../ip/altera/sopc_builder_ip+c:/altera/12.1sp1/quartus/../ip/altera/nios2_ip"
No .sopc_builder configuration file(!)
.
.
# 2015.03.23 17:00:12 (*) Running Test Generator Program for niosII_system_sdram_0
# 2015.03.23 17:00:13 (*) Success: sopc_builder finished.
Info: sdram_0: "niosII_system" instantiated altera_avalon_new_sdram_controller "sdram_0"
Info: sram_0: Starting Generation of SRAM or SSRAM Controller
Info: sram_0: "niosII_system" instantiated altera_up_avalon_sram "sram_0"
Info: Starting classic module elaboration.
"c:/altera/12.1sp1/quartus/bin/jre/bin/java.exe" -Xmx512M -classpath "c:/altera/12.1sp1/quartus/sopc_builder/bin/sopc_builder.jar;c:/altera/12.1sp1/quartus/sopc_builder/bin/PinAssigner.jar;c:/altera/12.1sp1/quartus/sopc_builder/bin/sopc_wizard.jar;c:/altera/12.1sp1/quartus/sopc_builder/bin/jptf.jar" sopc_builder.sopc_builder  -d"c:/altera/12.1sp1/quartus/sopc_builder" -notalkback=1 -projectnameyysystem.qpf -projectpathC:/Users/qsjiang/AppData/Local/Temp/alt6517_4491286296504020333.dir/0011_sopclgen  --no_splash --refresh C:/Users/qsjiang/AppData/Local/Temp/alt6517_4491286296504020333.dir/0011_sopclgen/yysystem.v --quartus_dir="c:/altera/12.1sp1/quartus" --sopc_perl="c:/altera/12.1sp1/quartus/bin/perl" --sopc_lib_path="++c:/altera/12.1sp1/quartus/../ip/altera/sopc_builder_ip+c:/altera/12.1sp1/quartus/../ip/altera/nios2_ip"
Info: Finished elaborating classic module.
Executing: C:/altera/12.1sp1/quartus//sopc_builder/bin/sopc_builder --classic --generate C:/Users/qsjiang/AppData/Local/Temp/alt6517_4491286296504020333.dir/0011_sopclgen/yysystem.ptf
Info: Running sopc_builder...
      0 [main] perl 1492 child_info_fork::abort: C:\altera\12.1sp1\quartus\bin\cygwin\bin\cyggcc_s-1.dll: Loaded to different address: parent(0x3B0000) != child(0x320000)
      0 [main] perl 3952 child_info_fork::abort: C:\altera\12.1sp1\quartus\bin\cygwin\bin\cyggcc_s-1.dll: Loaded to different address: parent(0x3B0000) != child(0x2B0000)
      0 [main] perl 3844 child_info_fork::abort: C:\altera\12.1sp1\quartus\bin\cygwin\bin\cyggcc_s-1.dll: Loaded to different address: parent(0x3B0000) != child(0x320000)
      0 [main] perl 3948 child_info_fork::abort: C:\altera\12.1sp1\quartus\bin\cygwin\bin\cyggcc_s-1.dll: Loaded to different address: parent(0x3B0000) != child(0x320000)
      1 [main] perl 3840 child_info_fork::abort: C:\altera\12.1sp1\quartus\bin\cygwin\bin\cyggcc_s-1.dll: Loaded to different address: parent(0x3B0000) != child(0x320000)
      0 [main] perl 2768 child_info_fork::abort: C:\altera\12.1sp1\quartus\bin\cygwin\bin\cyggcc_s-1.dll: Loaded to different address: parent(0x3B0000) != child(0x320000)
      0 [main] perl 3300 child_info_fork::abort: C:\altera\12.1sp1\quartus\bin\cygwin\bin\cyggcc_s-1.dll: Loaded to different address: parent(0x3B0000) != child(0x320000)
      0 [main] perl 1068 child_info_fork::abort: C:\altera\12.1sp1\quartus\bin\cygwin\bin\cyggcc_s-1.dll: Loaded to different address: parent(0x3B0000) != child(0x320000)
      0 [main] perl 4060 child_info_fork::abort: C:\altera\12.1sp1\quartus\bin\cygwin\bin\cyggcc_s-1.dll: Loaded to different address: parent(0x3B0000) != child(0x3A0000)
      0 [main] perl 3912 child_info_fork::abort: C:\altera\12.1sp1\quartus\bin\cygwin\bin\cyggcc_s-1.dll: Loaded to different address: parent(0x3B0000) != child(0x320000)
      0 [main] perl 3448 child_info_fork::abort: C:\altera\12.1sp1\quartus\bin\cygwin\bin\cyggcc_s-1.dll: Loaded to different address: parent(0x3B0000) != child(0x320000)
      0 [main] perl 3536 child_info_fork::abort: C:\altera\12.1sp1\quartus\bin\cygwin\bin\cyggcc_s-1.dll: Loaded to different address: parent(0x3B0000) != child(0x320000)
      0 [main] perl 1732 child_info_fork::abort: C:\altera\12.1sp1\quartus\bin\cygwin\bin\cyggcc_s-1.dll: Loaded to different address: parent(0x3B0000) != child(0x2B0000)
      0 [main] perl 1744 child_info_fork::abort: C:\altera\12.1sp1\quartus\bin\cygwin\bin\cyggcc_s-1.dll: Loaded to different address: parent(0x3B0000) != child(0x320000)
      0 [main] perl 3288 child_info_fork::abort: C:\altera\12.1sp1\quartus\bin\cygwin\bin\cyggcc_s-1.dll: Loaded to different address: parent(0x3B0000) != child(0x320000)
      0 [main] perl 3460 child_info_fork::abort: C:\altera\12.1sp1\quartus\bin\cygwin\bin\cyggcc_s-1.dll: Loaded to different address: parent(0x3B0000) != child(0x320000)
      0 [main] perl 4036 child_info_fork::abort: C:\altera\12.1sp1\quartus\bin\cygwin\bin\cyggcc_s-1.dll: Loaded to different address: parent(0x3B0000) != child(0x320000)
      0 [main] perl 1644 child_info_fork::abort: C:\altera\12.1sp1\quartus\bin\cygwin\bin\cyggcc_s-1.dll: Loaded to different address: parent(0x3B0000) != child(0x320000)
      0 [main] perl 2668 child_info_fork::abort: C:\altera\12.1sp1\quartus\bin\cygwin\bin\cyggcc_s-1.dll: Loaded to different address: parent(0x3B0000) != child(0x320000)
      0 [main] perl 3312 child_info_fork::abort: C:\altera\12.1sp1\quartus\bin\cygwin\bin\cyggcc_s-1.dll: Loaded to different address: parent(0x3B0000) != child(0x320000)
      0 [main] perl 3172 child_info_fork::abort: C:\altera\12.1sp1\quartus\bin\cygwin\bin\cyggcc_s-1.dll: Loaded to different address: parent(0x3B0000) != child(0x3A0000)
      0 [main] perl 3784 child_info_fork::abort: C:\altera\12.1sp1\quartus\bin\cygwin\bin\cyggcc_s-1.dll: Loaded to different address: parent(0x3B0000) != child(0x320000)
      0 [main] perl 3672 child_info_fork::abort: C:\altera\12.1sp1\quartus\bin\cygwin\bin\cyggcc_s-1.dll: Loaded to different address: parent(0x3B0000) != child(0x320000)
      0 [main] perl 1564 child_info_fork::abort: C:\altera\12.1sp1\quartus\bin\cygwin\bin\cyggcc_s-1.dll: Loaded to different address: parent(0x3B0000) != child(0x3A0000)
      0 [main] perl 1492 child_info_fork::abort: C:\altera\12.1sp1\quartus\bin\cygwin\bin\cyggcc_s-1.dll: Loaded to different address: parent(0x3B0000) != child(0x320000)
      0 [main] perl 3952 child_info_fork::abort: C:\altera\12.1sp1\quartus\bin\cygwin\bin\cyggcc_s-1.dll: Loaded to different address: parent(0x3B0000) != child(0x3A0000)
      0 [main] perl 3540 child_info_fork::abort: C:\altera\12.1sp1\quartus\bin\cygwin\bin\cyggcc_s-1.dll: Loaded to different address: parent(0x3B0000) != child(0x3A0000)
      0 [main] perl 3632 child_info_fork::abort: C:\altera\12.1sp1\quartus\bin\cygwin\bin\cyggcc_s-1.dll: Loaded to different address: parent(0x3B0000) != child(0x320000)
      0 [main] perl 3840 child_info_fork::abort: C:\altera\12.1sp1\quartus\bin\cygwin\bin\cyggcc_s-1.dll: Loaded to different address: parent(0x3B0000) != child(0x320000)
      0 [main] perl 1944 child_info_fork::abort: C:\altera\12.1sp1\quartus\bin\cygwin\bin\cyggcc_s-1.dll: Loaded to different address: parent(0x3B0000) != child(0x320000)
      0 [main] perl 3580 child_info_fork::abort: C:\altera\12.1sp1\quartus\bin\cygwin\bin\cyggcc_s-1.dll: Loaded to different address: parent(0x3B0000) != child(0x320000)
      0 [main] perl 3900 child_info_fork::abort: C:\altera\12.1sp1\quartus\bin\cygwin\bin\cyggcc_s-1.dll: Loaded to different address: parent(0x3B0000) != child(0x320000)
      0 [main] perl 2032 child_info_fork::abort: C:\altera\12.1sp1\quartus\bin\cygwin\bin\cyggcc_s-1.dll: Loaded to different address: parent(0x3B0000) != child(0x320000)
      0 [main] perl 3440 child_info_fork::abort: C:\altera\12.1sp1\quartus\bin\cygwin\bin\cyggcc_s-1.dll: Loaded to different address: parent(0x3B0000) != child(0x320000)
      0 [main] perl 940 child_info_fork::abort: C:\altera\12.1sp1\quartus\bin\cygwin\bin\cyggcc_s-1.dll: Loaded to different address: parent(0x3B0000) != child(0x320000)
"c:/altera/12.1sp1/quartus/bin/jre/bin/java.exe" -Xmx512M -classpath "c:/altera/12.1sp1/quartus/sopc_builder/bin/sopc_builder.jar;c:/altera/12.1sp1/quartus/sopc_builder/bin/PinAssigner.jar;c:/altera/12.1sp1/quartus/sopc_builder/bin/sopc_wizard.jar;c:/altera/12.1sp1/quartus/sopc_builder/bin/jptf.jar" sopc_builder.sopc_builder  -d"c:/altera/12.1sp1/quartus/sopc_builder" -notalkback=1 -projectnameyysystem.qpf -projectpathC:/Users/qsjiang/AppData/Local/Temp/alt6517_4491286296504020333.dir/0011_sopclgen  --generate C:/Users/qsjiang/AppData/Local/Temp/alt6517_4491286296504020333.dir/0011_sopclgen/yysystem.v --quartus_dir="c:/altera/12.1sp1/quartus" --sopc_perl="c:/altera/12.1sp1/quartus/bin/perl" --sopc_lib_path="++c:/altera/12.1sp1/quartus/../ip/altera/sopc_builder_ip+c:/altera/12.1sp1/quartus/../ip/altera/nios2_ip"
      0 [main] perl 3408 child_info_fork::abort: C:\altera\12.1sp1\quartus\bin\cygwin\bin\cyggcc_s-1.dll: Loaded to different address: parent(0x3B0000) != child(0x320000)
      0 [main] perl 2748 child_info_fork::abort: C:\altera\12.1sp1\quartus\bin\cygwin\bin\cyggcc_s-1.dll: Loaded to different address: parent(0x3B0000) != child(0x320000)
      0 [main] perl 2368 child_info_fork::abort: C:\altera\12.1sp1\quartus\bin\cygwin\bin\cyggcc_s-1.dll: Loaded to different address: parent(0x3B0000) != child(0x320000)
      0 [main] perl 928 child_info_fork::abort: C:\altera\12.1sp1\quartus\bin\cygwin\bin\cyggcc_s-1.dll: Loaded to different address: parent(0x3B0000) != child(0x3A0000)
      0 [main] perl 1016 child_info_fork::abort: C:\altera\12.1sp1\quartus\bin\cygwin\bin\cyggcc_s-1.dll: Loaded to different address: parent(0x3B0000) != child(0x320000)
      0 [main] perl 3604 child_info_fork::abort: C:\altera\12.1sp1\quartus\bin\cygwin\bin\cyggcc_s-1.dll: Loaded to different address: parent(0x3B0000) != child(0x320000)
      0 [main] perl 3284 child_info_fork::abort: C:\altera\12.1sp1\quartus\bin\cygwin\bin\cyggcc_s-1.dll: Loaded to different address: parent(0x3B0000) != child(0x320000)
      0 [main] perl 2792 child_info_fork::abort: C:\altera\12.1sp1\quartus\bin\cygwin\bin\cyggcc_s-1.dll: Loaded to different address: parent(0x3B0000) != child(0x320000)
      0 [main] perl 2928 child_info_fork::abort: C:\altera\12.1sp1\quartus\bin\cygwin\bin\cyggcc_s-1.dll: Loaded to different address: parent(0x3B0000) != child(0x320000)
      0 [main] perl 3524 child_info_fork::abort: C:\altera\12.1sp1\quartus\bin\cygwin\bin\cyggcc_s-1.dll: Loaded to different address: parent(0x3B0000) != child(0x320000)
      0 [main] perl 1732 child_info_fork::abort: C:\altera\12.1sp1\quartus\bin\cygwin\bin\cyggcc_s-1.dll: Loaded to different address: parent(0x3B0000) != child(0x2B0000)
      0 [main] perl 3768 child_info_fork::abort: C:\altera\12.1sp1\quartus\bin\cygwin\bin\cyggcc_s-1.dll: Loaded to different address: parent(0x3B0000) != child(0x2B0000)
      0 [main] perl 2780 child_info_fork::abort: C:\altera\12.1sp1\quartus\bin\cygwin\bin\cyggcc_s-1.dll: Loaded to different address: parent(0x3B0000) != child(0x320000)
      0 [main] perl 2852 child_info_fork::abort: C:\altera\12.1sp1\quartus\bin\cygwin\bin\cyggcc_s-1.dll: Loaded to different address: parent(0x3B0000) != child(0x320000)
No .sopc_builder configuration file(!)
.
# 2015.03.23 17:04:23 (*) Success: sopc_builder finished.
Info: timer_0: "niosII_system" instantiated altera_avalon_timer "timer_0"
Info: Starting classic module elaboration.
"c:/altera/12.1sp1/quartus/bin/jre/bin/java.exe" -Xmx512M -classpath "c:/altera/12.1sp1/quartus/sopc_builder/bin/sopc_builder.jar;c:/altera/12.1sp1/quartus/sopc_builder/bin/PinAssigner.jar;c:/altera/12.1sp1/quartus/sopc_builder/bin/sopc_wizard.jar;c:/altera/12.1sp1/quartus/sopc_builder/bin/jptf.jar" sopc_builder.sopc_builder  -d"c:/altera/12.1sp1/quartus/sopc_builder" -notalkback=1 -projectnameyysystem.qpf -projectpathC:/Users/qsjiang/AppData/Local/Temp/alt6517_4491286296504020333.dir/0012_sopclgen  --no_splash --refresh C:/Users/qsjiang/AppData/Local/Temp/alt6517_4491286296504020333.dir/0012_sopclgen/yysystem.v --quartus_dir="c:/altera/12.1sp1/quartus" --sopc_perl="c:/altera/12.1sp1/quartus/bin/perl" --sopc_lib_path="++c:/altera/12.1sp1/quartus/../ip/altera/sopc_builder_ip+c:/altera/12.1sp1/quartus/../ip/altera/nios2_ip"
Info: Finished elaborating classic module.
Executing: C:/altera/12.1sp1/quartus//sopc_builder/bin/sopc_builder --classic --generate C:/Users/qsjiang/AppData/Local/Temp/alt6517_4491286296504020333.dir/0012_sopclgen/yysystem.ptf
Info: Running sopc_builder...
"c:/altera/12.1sp1/quartus/bin/jre/bin/java.exe" -Xmx512M -classpath "c:/altera/12.1sp1/quartus/sopc_builder/bin/sopc_builder.jar;c:/altera/12.1sp1/quartus/sopc_builder/bin/PinAssigner.jar;c:/altera/12.1sp1/quartus/sopc_builder/bin/sopc_wizard.jar;c:/altera/12.1sp1/quartus/sopc_builder/bin/jptf.jar" sopc_builder.sopc_builder  -d"c:/altera/12.1sp1/quartus/sopc_builder" -notalkback=1 -projectnameyysystem.qpf -projectpathC:/Users/qsjiang/AppData/Local/Temp/alt6517_4491286296504020333.dir/0012_sopclgen  --generate C:/Users/qsjiang/AppData/Local/Temp/alt6517_4491286296504020333.dir/0012_sopclgen/yysystem.v --quartus_dir="c:/altera/12.1sp1/quartus" --sopc_perl="c:/altera/12.1sp1/quartus/bin/perl" --sopc_lib_path="++c:/altera/12.1sp1/quartus/../ip/altera/sopc_builder_ip+c:/altera/12.1sp1/quartus/../ip/altera/nios2_ip"
No .sopc_builder configuration file(!)
.
# 2015.03.23 17:04:28 (*) Success: sopc_builder finished.
Info: fifo_0: "niosII_system" instantiated altera_avalon_fifo "fifo_0"
Info: frequencyDivider_1: "niosII_system" instantiated frequencyDivider "frequencyDivider_1"
Info: StreamingTest_0: "niosII_system" instantiated StreamingTest "StreamingTest_0"
Info: nios2_qsys_0_data_master_translator: "niosII_system" instantiated altera_merlin_master_translator "nios2_qsys_0_data_master_translator"
Info: nios2_qsys_0_jtag_debug_module_translator: "niosII_system" instantiated altera_merlin_slave_translator "nios2_qsys_0_jtag_debug_module_translator"
Info: nios2_qsys_0_data_master_translator_avalon_universal_master_0_agent: "niosII_system" instantiated altera_merlin_master_agent "nios2_qsys_0_data_master_translator_avalon_universal_master_0_agent"
Info: nios2_qsys_0_jtag_debug_module_translator_avalon_universal_slave_0_agent: "niosII_system" instantiated altera_merlin_slave_agent "nios2_qsys_0_jtag_debug_module_translator_avalon_universal_slave_0_agent"
Info: nios2_qsys_0_jtag_debug_module_translator_avalon_universal_slave_0_agent_rsp_fifo: "niosII_system" instantiated altera_avalon_sc_fifo "nios2_qsys_0_jtag_debug_module_translator_avalon_universal_slave_0_agent_rsp_fifo"
Info: addr_router: "niosII_system" instantiated altera_merlin_router "addr_router"
Info: addr_router_001: "niosII_system" instantiated altera_merlin_router "addr_router_001"
Info: id_router: "niosII_system" instantiated altera_merlin_router "id_router"
Info: id_router_001: "niosII_system" instantiated altera_merlin_router "id_router_001"
Info: id_router_002: "niosII_system" instantiated altera_merlin_router "id_router_002"
Info: id_router_007: "niosII_system" instantiated altera_merlin_router "id_router_007"
Info: limiter: "niosII_system" instantiated altera_merlin_traffic_limiter "limiter"
Info: burst_adapter: "niosII_system" instantiated altera_merlin_burst_adapter "burst_adapter"
Info: rst_controller: "niosII_system" instantiated altera_reset_controller "rst_controller"
Info: cmd_xbar_demux: "niosII_system" instantiated altera_merlin_demultiplexer "cmd_xbar_demux"
Info: cmd_xbar_demux_001: "niosII_system" instantiated altera_merlin_demultiplexer "cmd_xbar_demux_001"
Info: cmd_xbar_mux: "niosII_system" instantiated altera_merlin_multiplexer "cmd_xbar_mux"
Info: rsp_xbar_demux: "niosII_system" instantiated altera_merlin_demultiplexer "rsp_xbar_demux"
Info: rsp_xbar_demux_001: "niosII_system" instantiated altera_merlin_demultiplexer "rsp_xbar_demux_001"
Info: rsp_xbar_mux: "niosII_system" instantiated altera_merlin_multiplexer "rsp_xbar_mux"
Info: Reusing file C:/Users/qsjiang/Desktop/SynthesizerV0.1/niosII_system/synthesis/submodules/altera_merlin_arbitrator.sv
Info: rsp_xbar_mux_001: "niosII_system" instantiated altera_merlin_multiplexer "rsp_xbar_mux_001"
Info: Reusing file C:/Users/qsjiang/Desktop/SynthesizerV0.1/niosII_system/synthesis/submodules/altera_merlin_arbitrator.sv
Info: width_adapter: "niosII_system" instantiated altera_merlin_width_adapter "width_adapter"
Info: Reusing file C:/Users/qsjiang/Desktop/SynthesizerV0.1/niosII_system/synthesis/submodules/altera_merlin_burst_uncompressor.sv
Info: Reusing file C:/Users/qsjiang/Desktop/SynthesizerV0.1/niosII_system/synthesis/submodules/altera_merlin_address_alignment.sv
Info: crosser: "niosII_system" instantiated altera_avalon_st_handshake_clock_crosser "crosser"
Info: Reusing file C:/Users/qsjiang/Desktop/SynthesizerV0.1/niosII_system/synthesis/submodules/altera_avalon_st_pipeline_base.v
Info: irq_mapper: "niosII_system" instantiated altera_irq_mapper "irq_mapper"
Info: niosII_system: Done niosII_system" with 37 modules, 172 files, 3515357 bytes
Info: ip-generate succeeded.
Info: Finished: Create HDL design files for synthesis
