
**** Build of configuration Nios II for project Tutorial3V2 ****

make all 
Info: Building ../Tutorial3V2_bsp/
make --no-print-directory -C ../Tutorial3V2_bsp/
[BSP build complete]
Info: Compiling SynthesizerDriver.c to obj/default/SynthesizerDriver.o
nios2-elf-gcc -xc -MP -MMD -c -I../Tutorial3V2_bsp//UCOSII/inc -I../Tutorial3V2_bsp//HAL/inc -I../Tutorial3V2_bsp/ -I../Tutorial3V2_bsp//drivers/inc  -DSYSTEM_BUS_WIDTH=32 -pipe -D__hal__ -DALT_NO_INSTRUCTION_EMULATION -D__ucosii__    -O0 -g -Wall   -EL -mno-hw-div -mhw-mul -mno-hw-mulx  -o obj/default/SynthesizerDriver.o SynthesizerDriver.c
SynthesizerDriver.c: In function 'startVoice':
SynthesizerDriver.c:107: warning: assignment makes pointer from integer without a cast
Info: Compiling hello_ucosii.c to obj/default/hello_ucosii.o
SynthesizerDriver.c: In function 'endVoice':
nios2-elf-gcc -xc -MP -MMD -c -I../Tutorial3V2_bsp//UCOSII/inc -I../Tutorial3V2_bsp//HAL/inc -I../Tutorial3V2_bsp/ -I../Tutorial3V2_bsp//drivers/inc  -DSYSTEM_BUS_WIDTH=32 -pipe -D__hal__ -DALT_NO_INSTRUCTION_EMULATION -D__ucosii__    -O0 -g -Wall   -EL -mno-hw-div -mhw-mul -mno-hw-mulx  -o obj/default/hello_ucosii.o hello_ucosii.c
SynthesizerDriver.c:123: warning: assignment makes pointer from integer without a cast
SynthesizerDriver.c: In function 'processNote':
SynthesizerDriver.c:202: warning: unused variable 'voiceNumber'
hello_ucosii.c: In function 'audioTask':
hello_ucosii.c:66: warning: unused variable 'data'
hello_ucosii.c:31: warning: unused variable 'err'
hello_ucosii.c: In function 'laserInputTask':
hello_ucosii.c:111: warning: implicit declaration of function 'turnOnVoice'
hello_ucosii.c:114: warning: implicit declaration of function 'turnOffVoice'
hello_ucosii.c:91: warning: unused variable 'noteStatus'
hello_ucosii.c:90: warning: unused variable 'note'
hello_ucosii.c:85: warning: unused variable 'midiOutPointer'
hello_ucosii.c: In function 'handleLaserStatusChange':
hello_ucosii.c:124: warning: unused variable 'a'
Info: Linking Tutorial3V2.elf
nios2-elf-g++  -T'../Tutorial3V2_bsp//linker.x' -msys-crt0='../Tutorial3V2_bsp//obj/HAL/src/crt0.o' -msys-lib=ucosii_bsp -L../Tutorial3V2_bsp/   -Wl,-Map=Tutorial3V2.map   -O0 -g -Wall   -EL -mno-hw-div -mhw-mul -mno-hw-mulx  -o Tutorial3V2.elf obj/default/SynthesizerDriver.o obj/default/hello_ucosii.o -lm 
nios2-elf-insert Tutorial3V2.elf --thread_model ucosii --cpu_name nios2_0 --qsys true --simulation_enabled false --id 0 --sidp 0x11090b0 --timestamp 1427412040 --stderr_dev jtag_uart_0 --stdin_dev jtag_uart_0 --stdout_dev jtag_uart_0 --sopc_system_name niosII_system --quartus_project_dir "C:/Users/qsjiang/Documents/Github/ECE492Research/LaserHarpBuildFlashed" --jdi C:/Users/qsjiang/Documents/Github/ECE492Research/LaserHarpBuildFlashed/niosII_microc_lab1.jdi --sopcinfo C:/Users/qsjiang/Documents/Github/ECE492Research/LaserHarpBuildFlashed/niosII_system.sopcinfo
Info: (Tutorial3V2.elf) 118 KBytes program size (code + initialized data).
Info:                   8074 KBytes free for stack + heap.
Info: Creating Tutorial3V2.objdump
nios2-elf-objdump --disassemble --syms --all-header --source Tutorial3V2.elf >Tutorial3V2.objdump
[Tutorial3V2 build complete]

**** Build Finished ****

**** Build of configuration Nios II for project Tutorial3V2 ****

make all 
Info: Building ../Tutorial3V2_bsp/
make --no-print-directory -C ../Tutorial3V2_bsp/
[BSP build complete]
[Tutorial3V2 build complete]

**** Build Finished ****

**** Build of configuration Nios II for project Tutorial3V2 ****

make all 
Info: Building ../Tutorial3V2_bsp/
make --no-print-directory -C ../Tutorial3V2_bsp/
[BSP build complete]
[Tutorial3V2 build complete]

**** Build Finished ****

**** Build of configuration Nios II for project Tutorial3V2 ****

make all 
Info: Building ../Tutorial3V2_bsp/
make --no-print-directory -C ../Tutorial3V2_bsp/
[BSP build complete]
Info: Compiling SynthesizerDriver.c to obj/default/SynthesizerDriver.o
nios2-elf-gcc -xc -MP -MMD -c -I../Tutorial3V2_bsp//UCOSII/inc -I../Tutorial3V2_bsp//HAL/inc -I../Tutorial3V2_bsp/ -I../Tutorial3V2_bsp//drivers/inc  -DSYSTEM_BUS_WIDTH=32 -pipe -D__hal__ -DALT_NO_INSTRUCTION_EMULATION -D__ucosii__    -O0 -g -Wall   -EL -mno-hw-div -mhw-mul -mno-hw-mulx  -o obj/default/SynthesizerDriver.o SynthesizerDriver.c
SynthesizerDriver.c: In function 'startVoice':
Info: Linking Tutorial3V2.elf
SynthesizerDriver.c:107: warning: assignment makes pointer from integer without a cast
SynthesizerDriver.c: In function 'endVoice':
SynthesizerDriver.c:123: warning: assignment makes pointer from integer without a cast
SynthesizerDriver.c: In function 'processNote':
nios2-elf-g++  -T'../Tutorial3V2_bsp//linker.x' -msys-crt0='../Tutorial3V2_bsp//obj/HAL/src/crt0.o' -msys-lib=ucosii_bsp -L../Tutorial3V2_bsp/   -Wl,-Map=Tutorial3V2.map   -O0 -g -Wall   -EL -mno-hw-div -mhw-mul -mno-hw-mulx  -o Tutorial3V2.elf obj/default/SynthesizerDriver.o obj/default/hello_ucosii.o -lm 
SynthesizerDriver.c:202: warning: unused variable 'voiceNumber'
nios2-elf-insert Tutorial3V2.elf --thread_model ucosii --cpu_name nios2_0 --qsys true --simulation_enabled false --id 0 --sidp 0x11090b0 --timestamp 1427412040 --stderr_dev jtag_uart_0 --stdin_dev jtag_uart_0 --stdout_dev jtag_uart_0 --sopc_system_name niosII_system --quartus_project_dir "C:/Users/qsjiang/Documents/Github/ECE492Research/LaserHarpBuildFlashed" --jdi C:/Users/qsjiang/Documents/Github/ECE492Research/LaserHarpBuildFlashed/niosII_microc_lab1.jdi --sopcinfo C:/Users/qsjiang/Documents/Github/ECE492Research/LaserHarpBuildFlashed/niosII_system.sopcinfo
Info: (Tutorial3V2.elf) 118 KBytes program size (code + initialized data).
Info:                   8074 KBytes free for stack + heap.
Info: Creating Tutorial3V2.objdump
nios2-elf-objdump --disassemble --syms --all-header --source Tutorial3V2.elf >Tutorial3V2.objdump
[Tutorial3V2 build complete]

**** Build Finished ****

**** Build of configuration Nios II for project Tutorial3V2 ****

make all 
Info: Building ../Tutorial3V2_bsp/
make --no-print-directory -C ../Tutorial3V2_bsp/
[BSP build complete]
[Tutorial3V2 build complete]

**** Build Finished ****
